{"synthetic": false,
 "schemaVersion": "2025-09-10",
 "outputs": null,
 "log":
 [{"message":
   ".> ELAN=elan ELAN_HOME=/home/vscode/.elan ELAN_TOOLCHAIN=leanprover/lean4:v4.25.0 LAKE=/home/vscode/.elan/toolchains/leanprover--lean4---v4.25.0/bin/lake LAKE_HOME=/home/vscode/.elan/toolchains/leanprover--lean4---v4.25.0 LAKE_PKG_URL_MAP={} LAKE_NO_CACHE=false LAKE_ARTIFACT_CACHE=false LAKE_CACHE_KEY= LAKE_CACHE_ARTIFACT_ENDPOINT= LAKE_CACHE_REVISION_ENDPOINT= LEAN=/home/vscode/.elan/toolchains/leanprover--lean4---v4.25.0/bin/lean LEAN_SYSROOT=/home/vscode/.elan/toolchains/leanprover--lean4---v4.25.0 LEAN_AR=/home/vscode/.elan/toolchains/leanprover--lean4---v4.25.0/bin/llvm-ar LEAN_CC= LAKE_CACHE_DIR=/home/vscode/.elan/toolchains/leanprover--lean4---v4.25.0/lake/cache LEAN_PATH=/workspaces/worktrees/shared/lean/packages/batteries/.lake/build/lib/lean:/workspaces/worktrees/shared/lean/packages/Qq/.lake/build/lib/lean:/workspaces/worktrees/shared/lean/packages/aesop/.lake/build/lib/lean:/workspaces/worktrees/shared/lean/packages/proofwidgets/.lake/build/lib/lean:/workspaces/worktrees/shared/lean/packages/importGraph/.lake/build/lib/lean:/workspaces/worktrees/shared/lean/packages/LeanSearchClient/.lake/build/lib/lean:/workspaces/worktrees/shared/lean/packages/plausible/.lake/build/lib/lean:/workspaces/worktrees/shared/lean/packages/mathlib/.lake/build/lib/lean:/workspaces/worktrees/shared/lean/packages/MD4Lean/.lake/build/lib/lean:/workspaces/worktrees/shared/lean/packages/BibtexQuery/.lake/build/lib/lean:/workspaces/worktrees/shared/lean/packages/UnicodeBasic/.lake/build/lib/lean:/workspaces/worktrees/shared/lean/packages/Cli/.lake/build/lib/lean:/workspaces/msc-viterbo/packages/lean_viterbo/.lake/build/lib/lean:/workspaces/worktrees/shared/lean/packages/doc-gen4/.lake/build/lib/lean:/workspaces/msc-viterbo/packages/lean_viterbo/docbuild/.lake/build/lib/lean:/home/vscode/.elan/toolchains/leanprover--lean4---v4.25.0/lib/lean LEAN_SRC_PATH=/workspaces/worktrees/shared/lean/packages/batteries:/workspaces/worktrees/shared/lean/packages/batteries:/workspaces/worktrees/shared/lean/packages/Qq:/workspaces/worktrees/shared/lean/packages/Qq:/workspaces/worktrees/shared/lean/packages/aesop:/workspaces/worktrees/shared/lean/packages/aesop:/workspaces/worktrees/shared/lean/packages/proofwidgets:/workspaces/worktrees/shared/lean/packages/proofwidgets:/workspaces/worktrees/shared/lean/packages/importGraph:/workspaces/worktrees/shared/lean/packages/importGraph:/workspaces/worktrees/shared/lean/packages/LeanSearchClient:/workspaces/worktrees/shared/lean/packages/LeanSearchClient:/workspaces/worktrees/shared/lean/packages/plausible:/workspaces/worktrees/shared/lean/packages/plausible:/workspaces/worktrees/shared/lean/packages/mathlib:/workspaces/worktrees/shared/lean/packages/mathlib:/workspaces/worktrees/shared/lean/packages/mathlib:/workspaces/worktrees/shared/lean/packages/mathlib:/workspaces/worktrees/shared/lean/packages/mathlib:/workspaces/worktrees/shared/lean/packages/mathlib:/workspaces/worktrees/shared/lean/packages/mathlib:/workspaces/worktrees/shared/lean/packages/MD4Lean:/workspaces/worktrees/shared/lean/packages/MD4Lean:/workspaces/worktrees/shared/lean/packages/BibtexQuery:/workspaces/worktrees/shared/lean/packages/UnicodeBasic:/workspaces/worktrees/shared/lean/packages/UnicodeBasic:/workspaces/worktrees/shared/lean/packages/Cli:/workspaces/worktrees/shared/lean/packages/Cli:/workspaces/msc-viterbo/packages/lean_viterbo:/workspaces/worktrees/shared/lean/packages/doc-gen4:/home/vscode/.elan/toolchains/leanprover--lean4---v4.25.0/src/lean/lake LEAN_GITHASH=cdd38ac5115bdeec5f609e9126cce00f51ae88b3 PATH LD_LIBRARY_PATH=/home/vscode/.elan/toolchains/leanprover--lean4---v4.25.0/lib/lean:/home/vscode/.elan/toolchains/leanprover--lean4---v4.25.0/lib:/workspaces/msc-viterbo/packages/lean_viterbo/docbuild/.lake/build/lib:/workspaces/worktrees/shared/lean/packages/doc-gen4/.lake/build/lib:/workspaces/msc-viterbo/packages/lean_viterbo/.lake/build/lib:/workspaces/worktrees/shared/lean/packages/Cli/.lake/build/lib:/workspaces/worktrees/shared/lean/packages/UnicodeBasic/.lake/build/lib:/workspaces/worktrees/shared/lean/packages/BibtexQuery/.lake/build/lib:/workspaces/worktrees/shared/lean/packages/MD4Lean/.lake/build/lib:/workspaces/worktrees/shared/lean/packages/mathlib/.lake/build/lib:/workspaces/worktrees/shared/lean/packages/plausible/.lake/build/lib:/workspaces/worktrees/shared/lean/packages/LeanSearchClient/.lake/build/lib:/workspaces/worktrees/shared/lean/packages/importGraph/.lake/build/lib:/workspaces/worktrees/shared/lean/packages/proofwidgets/.lake/build/lib:/workspaces/worktrees/shared/lean/packages/aesop/.lake/build/lib:/workspaces/worktrees/shared/lean/packages/Qq/.lake/build/lib:/workspaces/worktrees/shared/lean/packages/batteries/.lake/build/lib /workspaces/worktrees/shared/lean/packages/doc-gen4/.lake/build/bin/doc-gen4 single --build /workspaces/msc-viterbo/packages/lean_viterbo/docbuild/.lake/build Mathlib.Tactic https://github.com/leanprover-community/mathlib4/blob/1ccd71f89cbbd82ae7d097723ce1722ca7b01c33/Mathlib/Tactic.lean",
   "level": "trace"}],
 "inputs":
 [["<collection>",
   [["/workspaces/msc-viterbo/packages/lean_viterbo/docbuild/.lake/build/doc/Mathlib/Tactic/Abel.html",
     "a95dd766fa52a43c"],
    ["/workspaces/msc-viterbo/packages/lean_viterbo/docbuild/.lake/build/doc/Mathlib/Tactic/AdaptationNote.html",
     "34ce9970702f1005"],
    ["/workspaces/msc-viterbo/packages/lean_viterbo/docbuild/.lake/build/doc/Mathlib/Tactic/Algebraize.html",
     "43037882488080bf"],
    ["/workspaces/msc-viterbo/packages/lean_viterbo/docbuild/.lake/build/doc/Mathlib/Tactic/ApplyAt.html",
     "87e20da7198d618c"],
    ["/workspaces/msc-viterbo/packages/lean_viterbo/docbuild/.lake/build/doc/Mathlib/Tactic/ApplyCongr.html",
     "9cda75e05cc5306a"],
    ["/workspaces/msc-viterbo/packages/lean_viterbo/docbuild/.lake/build/doc/Mathlib/Tactic/ApplyFun.html",
     "6571336677425389"],
    ["/workspaces/msc-viterbo/packages/lean_viterbo/docbuild/.lake/build/doc/Mathlib/Tactic/ApplyWith.html",
     "062b2d3d4497ed77"],
    ["/workspaces/msc-viterbo/packages/lean_viterbo/docbuild/.lake/build/doc/Mathlib/Tactic/ArithMult.html",
     "144e234f1d0318d8"],
    ["/workspaces/msc-viterbo/packages/lean_viterbo/docbuild/.lake/build/doc/Mathlib/Tactic/ArithMult/Init.html",
     "27d5073e8893c506"],
    ["/workspaces/msc-viterbo/packages/lean_viterbo/docbuild/.lake/build/doc/Mathlib/Tactic/Attr/Core.html",
     "6ee18fd87941bc4e"],
    ["/workspaces/msc-viterbo/packages/lean_viterbo/docbuild/.lake/build/doc/Mathlib/Tactic/Attr/Register.html",
     "236c527abe3b4ffb"],
    ["/workspaces/msc-viterbo/packages/lean_viterbo/docbuild/.lake/build/doc/Mathlib/Tactic/Basic.html",
     "ffcea3a7baa144e2"],
    ["/workspaces/msc-viterbo/packages/lean_viterbo/docbuild/.lake/build/doc/Mathlib/Tactic/Bound.html",
     "665129334503d114"],
    ["/workspaces/msc-viterbo/packages/lean_viterbo/docbuild/.lake/build/doc/Mathlib/Tactic/Bound/Attribute.html",
     "51dc8a8decdcf3f6"],
    ["/workspaces/msc-viterbo/packages/lean_viterbo/docbuild/.lake/build/doc/Mathlib/Tactic/Bound/Init.html",
     "df3b2e50ac0607ff"],
    ["/workspaces/msc-viterbo/packages/lean_viterbo/docbuild/.lake/build/doc/Mathlib/Tactic/ByCases.html",
     "f82a3600236ee53a"],
    ["/workspaces/msc-viterbo/packages/lean_viterbo/docbuild/.lake/build/doc/Mathlib/Tactic/ByContra.html",
     "23daf19b7db8957b"],
    ["/workspaces/msc-viterbo/packages/lean_viterbo/docbuild/.lake/build/doc/Mathlib/Tactic/CC.html",
     "88a13f5ab1db97b6"],
    ["/workspaces/msc-viterbo/packages/lean_viterbo/docbuild/.lake/build/doc/Mathlib/Tactic/CC/Addition.html",
     "f5caf5c766c3bc18"],
    ["/workspaces/msc-viterbo/packages/lean_viterbo/docbuild/.lake/build/doc/Mathlib/Tactic/CC/Datatypes.html",
     "8191e266accd6de5"],
    ["/workspaces/msc-viterbo/packages/lean_viterbo/docbuild/.lake/build/doc/Mathlib/Tactic/CC/Lemmas.html",
     "bc2b29c89ed33475"],
    ["/workspaces/msc-viterbo/packages/lean_viterbo/docbuild/.lake/build/doc/Mathlib/Tactic/CC/MkProof.html",
     "983f41aca9dfe70f"],
    ["/workspaces/msc-viterbo/packages/lean_viterbo/docbuild/.lake/build/doc/Mathlib/Tactic/CancelDenoms.html",
     "2e1c3c2fdee5ad79"],
    ["/workspaces/msc-viterbo/packages/lean_viterbo/docbuild/.lake/build/doc/Mathlib/Tactic/CancelDenoms/Core.html",
     "85d242f607ebc2a9"],
    ["/workspaces/msc-viterbo/packages/lean_viterbo/docbuild/.lake/build/doc/Mathlib/Tactic/Cases.html",
     "8e38987a8bcfc6bc"],
    ["/workspaces/msc-viterbo/packages/lean_viterbo/docbuild/.lake/build/doc/Mathlib/Tactic/CasesM.html",
     "93ee5631d66f6ae0"],
    ["/workspaces/msc-viterbo/packages/lean_viterbo/docbuild/.lake/build/doc/Mathlib/Tactic/CategoryTheory/BicategoricalComp.html",
     "34d3592d61e0f1a0"],
    ["/workspaces/msc-viterbo/packages/lean_viterbo/docbuild/.lake/build/doc/Mathlib/Tactic/CategoryTheory/Bicategory/Basic.html",
     "795d9285a084fced"],
    ["/workspaces/msc-viterbo/packages/lean_viterbo/docbuild/.lake/build/doc/Mathlib/Tactic/CategoryTheory/Bicategory/Datatypes.html",
     "3438c2033940bd22"],
    ["/workspaces/msc-viterbo/packages/lean_viterbo/docbuild/.lake/build/doc/Mathlib/Tactic/CategoryTheory/Bicategory/Normalize.html",
     "8f1d006cd579aa4c"],
    ["/workspaces/msc-viterbo/packages/lean_viterbo/docbuild/.lake/build/doc/Mathlib/Tactic/CategoryTheory/Bicategory/PureCoherence.html",
     "f3d8e9b100ca97b7"],
    ["/workspaces/msc-viterbo/packages/lean_viterbo/docbuild/.lake/build/doc/Mathlib/Tactic/CategoryTheory/BicategoryCoherence.html",
     "6d1af97726ba0532"],
    ["/workspaces/msc-viterbo/packages/lean_viterbo/docbuild/.lake/build/doc/Mathlib/Tactic/CategoryTheory/CheckCompositions.html",
     "38ef43a488fea97a"],
    ["/workspaces/msc-viterbo/packages/lean_viterbo/docbuild/.lake/build/doc/Mathlib/Tactic/CategoryTheory/Coherence.html",
     "ed22443d6d357033"],
    ["/workspaces/msc-viterbo/packages/lean_viterbo/docbuild/.lake/build/doc/Mathlib/Tactic/CategoryTheory/Coherence/Basic.html",
     "69077180b3c7a7e3"],
    ["/workspaces/msc-viterbo/packages/lean_viterbo/docbuild/.lake/build/doc/Mathlib/Tactic/CategoryTheory/Coherence/Datatypes.html",
     "97a85321f449c14c"],
    ["/workspaces/msc-viterbo/packages/lean_viterbo/docbuild/.lake/build/doc/Mathlib/Tactic/CategoryTheory/Coherence/Normalize.html",
     "b270c2160518a504"],
    ["/workspaces/msc-viterbo/packages/lean_viterbo/docbuild/.lake/build/doc/Mathlib/Tactic/CategoryTheory/Coherence/PureCoherence.html",
     "e99496d3080ade94"],
    ["/workspaces/msc-viterbo/packages/lean_viterbo/docbuild/.lake/build/doc/Mathlib/Tactic/CategoryTheory/Elementwise.html",
     "2e6a0354d443c4ea"],
    ["/workspaces/msc-viterbo/packages/lean_viterbo/docbuild/.lake/build/doc/Mathlib/Tactic/CategoryTheory/IsoReassoc.html",
     "041d213a045bd19c"],
    ["/workspaces/msc-viterbo/packages/lean_viterbo/docbuild/.lake/build/doc/Mathlib/Tactic/CategoryTheory/Monoidal/Basic.html",
     "765ecab09b2cf3d2"],
    ["/workspaces/msc-viterbo/packages/lean_viterbo/docbuild/.lake/build/doc/Mathlib/Tactic/CategoryTheory/Monoidal/Datatypes.html",
     "b089a49198fde2d5"],
    ["/workspaces/msc-viterbo/packages/lean_viterbo/docbuild/.lake/build/doc/Mathlib/Tactic/CategoryTheory/Monoidal/Normalize.html",
     "9ed27b6aaaecebb6"],
    ["/workspaces/msc-viterbo/packages/lean_viterbo/docbuild/.lake/build/doc/Mathlib/Tactic/CategoryTheory/Monoidal/PureCoherence.html",
     "5a9606816309840c"],
    ["/workspaces/msc-viterbo/packages/lean_viterbo/docbuild/.lake/build/doc/Mathlib/Tactic/CategoryTheory/MonoidalComp.html",
     "9037f8d829ef82cc"],
    ["/workspaces/msc-viterbo/packages/lean_viterbo/docbuild/.lake/build/doc/Mathlib/Tactic/CategoryTheory/Reassoc.html",
     "aca1f01def5ff059"],
    ["/workspaces/msc-viterbo/packages/lean_viterbo/docbuild/.lake/build/doc/Mathlib/Tactic/CategoryTheory/Slice.html",
     "974ef07512beabea"],
    ["/workspaces/msc-viterbo/packages/lean_viterbo/docbuild/.lake/build/doc/Mathlib/Tactic/CategoryTheory/ToApp.html",
     "04ef2d142409929b"],
    ["/workspaces/msc-viterbo/packages/lean_viterbo/docbuild/.lake/build/doc/Mathlib/Tactic/Change.html",
     "97afaeebeadccae1"],
    ["/workspaces/msc-viterbo/packages/lean_viterbo/docbuild/.lake/build/doc/Mathlib/Tactic/Check.html",
     "c55d5c74364f27fd"],
    ["/workspaces/msc-viterbo/packages/lean_viterbo/docbuild/.lake/build/doc/Mathlib/Tactic/Choose.html",
     "1a11df4aabc3f020"],
    ["/workspaces/msc-viterbo/packages/lean_viterbo/docbuild/.lake/build/doc/Mathlib/Tactic/Clean.html",
     "3f0831ca962e3adf"],
    ["/workspaces/msc-viterbo/packages/lean_viterbo/docbuild/.lake/build/doc/Mathlib/Tactic/ClearExcept.html",
     "2d41f04cbd5f73fe"],
    ["/workspaces/msc-viterbo/packages/lean_viterbo/docbuild/.lake/build/doc/Mathlib/Tactic/ClearExclamation.html",
     "1d984f44fc56555f"],
    ["/workspaces/msc-viterbo/packages/lean_viterbo/docbuild/.lake/build/doc/Mathlib/Tactic/Clear_.html",
     "d1a25a07890682e9"],
    ["/workspaces/msc-viterbo/packages/lean_viterbo/docbuild/.lake/build/doc/Mathlib/Tactic/Coe.html",
     "9090cd805c4282ad"],
    ["/workspaces/msc-viterbo/packages/lean_viterbo/docbuild/.lake/build/doc/Mathlib/Tactic/Common.html",
     "dc4bdc76c9795c66"],
    ["/workspaces/msc-viterbo/packages/lean_viterbo/docbuild/.lake/build/doc/Mathlib/Tactic/ComputeDegree.html",
     "d0e28779ef2dd57f"],
    ["/workspaces/msc-viterbo/packages/lean_viterbo/docbuild/.lake/build/doc/Mathlib/Tactic/CongrExclamation.html",
     "c8a60333db3b1dd4"],
    ["/workspaces/msc-viterbo/packages/lean_viterbo/docbuild/.lake/build/doc/Mathlib/Tactic/CongrM.html",
     "27a85ed8d01aa824"],
    ["/workspaces/msc-viterbo/packages/lean_viterbo/docbuild/.lake/build/doc/Mathlib/Tactic/Constructor.html",
     "3f3fabd9feb90485"],
    ["/workspaces/msc-viterbo/packages/lean_viterbo/docbuild/.lake/build/doc/Mathlib/Tactic/Continuity.html",
     "7f78ec517784ae02"],
    ["/workspaces/msc-viterbo/packages/lean_viterbo/docbuild/.lake/build/doc/Mathlib/Tactic/Continuity/Init.html",
     "f3019751588a140a"],
    ["/workspaces/msc-viterbo/packages/lean_viterbo/docbuild/.lake/build/doc/Mathlib/Tactic/ContinuousFunctionalCalculus.html",
     "9fba4e66268e264c"],
    ["/workspaces/msc-viterbo/packages/lean_viterbo/docbuild/.lake/build/doc/Mathlib/Tactic/Contrapose.html",
     "38634048f7d7796b"],
    ["/workspaces/msc-viterbo/packages/lean_viterbo/docbuild/.lake/build/doc/Mathlib/Tactic/Conv.html",
     "aa102ca0099b4645"],
    ["/workspaces/msc-viterbo/packages/lean_viterbo/docbuild/.lake/build/doc/Mathlib/Tactic/Convert.html",
     "9d86ea337771aa1a"],
    ["/workspaces/msc-viterbo/packages/lean_viterbo/docbuild/.lake/build/doc/Mathlib/Tactic/Core.html",
     "a5a436b13ca1bb57"],
    ["/workspaces/msc-viterbo/packages/lean_viterbo/docbuild/.lake/build/doc/Mathlib/Tactic/DeclarationNames.html",
     "e53b2b1cac5a3ba6"],
    ["/workspaces/msc-viterbo/packages/lean_viterbo/docbuild/.lake/build/doc/Mathlib/Tactic/DefEqTransformations.html",
     "70e016c044ba7356"],
    ["/workspaces/msc-viterbo/packages/lean_viterbo/docbuild/.lake/build/doc/Mathlib/Tactic/DepRewrite.html",
     "1f22d9b4dc215edb"],
    ["/workspaces/msc-viterbo/packages/lean_viterbo/docbuild/.lake/build/doc/Mathlib/Tactic/DeprecateTo.html",
     "2175eceb1b79ad2b"],
    ["/workspaces/msc-viterbo/packages/lean_viterbo/docbuild/.lake/build/doc/Mathlib/Tactic/DeriveCountable.html",
     "6f7edc99fb791df0"],
    ["/workspaces/msc-viterbo/packages/lean_viterbo/docbuild/.lake/build/doc/Mathlib/Tactic/DeriveEncodable.html",
     "40f1f8edc49fbcf5"],
    ["/workspaces/msc-viterbo/packages/lean_viterbo/docbuild/.lake/build/doc/Mathlib/Tactic/DeriveFintype.html",
     "66da7a67776ccfed"],
    ["/workspaces/msc-viterbo/packages/lean_viterbo/docbuild/.lake/build/doc/Mathlib/Tactic/DeriveTraversable.html",
     "ceb4a65e788acdd6"],
    ["/workspaces/msc-viterbo/packages/lean_viterbo/docbuild/.lake/build/doc/Mathlib/Tactic/ENatToNat.html",
     "bc9e325e9687d1b7"],
    ["/workspaces/msc-viterbo/packages/lean_viterbo/docbuild/.lake/build/doc/Mathlib/Tactic/Eqns.html",
     "776c6885257352fd"],
    ["/workspaces/msc-viterbo/packages/lean_viterbo/docbuild/.lake/build/doc/Mathlib/Tactic/ErwQuestion.html",
     "ea180ae2eb492cbf"],
    ["/workspaces/msc-viterbo/packages/lean_viterbo/docbuild/.lake/build/doc/Mathlib/Tactic/Eval.html",
     "b6d1e5994d54079f"],
    ["/workspaces/msc-viterbo/packages/lean_viterbo/docbuild/.lake/build/doc/Mathlib/Tactic/ExistsI.html",
     "730fc44856c43a82"],
    ["/workspaces/msc-viterbo/packages/lean_viterbo/docbuild/.lake/build/doc/Mathlib/Tactic/Explode.html",
     "7c685400dd27f999"],
    ["/workspaces/msc-viterbo/packages/lean_viterbo/docbuild/.lake/build/doc/Mathlib/Tactic/Explode/Datatypes.html",
     "cae20e6d84f76e9e"],
    ["/workspaces/msc-viterbo/packages/lean_viterbo/docbuild/.lake/build/doc/Mathlib/Tactic/Explode/Pretty.html",
     "a4cab49a56aa545f"],
    ["/workspaces/msc-viterbo/packages/lean_viterbo/docbuild/.lake/build/doc/Mathlib/Tactic/ExtendDoc.html",
     "cc5b8cc7189afcaa"],
    ["/workspaces/msc-viterbo/packages/lean_viterbo/docbuild/.lake/build/doc/Mathlib/Tactic/ExtractGoal.html",
     "1f5c317593beec2b"],
    ["/workspaces/msc-viterbo/packages/lean_viterbo/docbuild/.lake/build/doc/Mathlib/Tactic/ExtractLets.html",
     "063666ac26cd7ff9"],
    ["/workspaces/msc-viterbo/packages/lean_viterbo/docbuild/.lake/build/doc/Mathlib/Tactic/FBinop.html",
     "0b7d92688bd1b5c0"],
    ["/workspaces/msc-viterbo/packages/lean_viterbo/docbuild/.lake/build/doc/Mathlib/Tactic/FailIfNoProgress.html",
     "1109db02e8cf9c50"],
    ["/workspaces/msc-viterbo/packages/lean_viterbo/docbuild/.lake/build/doc/Mathlib/Tactic/FastInstance.html",
     "8f07f69a8406279e"],
    ["/workspaces/msc-viterbo/packages/lean_viterbo/docbuild/.lake/build/doc/Mathlib/Tactic/Field.html",
     "dfcb3eaa8bf2a01e"],
    ["/workspaces/msc-viterbo/packages/lean_viterbo/docbuild/.lake/build/doc/Mathlib/Tactic/FieldSimp.html",
     "d7e2d81590d2b448"],
    ["/workspaces/msc-viterbo/packages/lean_viterbo/docbuild/.lake/build/doc/Mathlib/Tactic/FieldSimp/Attr.html",
     "9af68e11efc5ade7"],
    ["/workspaces/msc-viterbo/packages/lean_viterbo/docbuild/.lake/build/doc/Mathlib/Tactic/FieldSimp/Discharger.html",
     "7b3c3a85e10d5a07"],
    ["/workspaces/msc-viterbo/packages/lean_viterbo/docbuild/.lake/build/doc/Mathlib/Tactic/FieldSimp/Lemmas.html",
     "cc1b9a7e90329503"],
    ["/workspaces/msc-viterbo/packages/lean_viterbo/docbuild/.lake/build/doc/Mathlib/Tactic/FinCases.html",
     "0f2754f50ccf2ff1"],
    ["/workspaces/msc-viterbo/packages/lean_viterbo/docbuild/.lake/build/doc/Mathlib/Tactic/Find.html",
     "3aefe776e733cedc"],
    ["/workspaces/msc-viterbo/packages/lean_viterbo/docbuild/.lake/build/doc/Mathlib/Tactic/FindSyntax.html",
     "22eb0ee6d611d2e8"],
    ["/workspaces/msc-viterbo/packages/lean_viterbo/docbuild/.lake/build/doc/Mathlib/Tactic/Finiteness.html",
     "76ebee5e3c65febe"],
    ["/workspaces/msc-viterbo/packages/lean_viterbo/docbuild/.lake/build/doc/Mathlib/Tactic/Finiteness/Attr.html",
     "50cbebf346337d74"],
    ["/workspaces/msc-viterbo/packages/lean_viterbo/docbuild/.lake/build/doc/Mathlib/Tactic/FunProp.html",
     "b1a0dd999168fb23"],
    ["/workspaces/msc-viterbo/packages/lean_viterbo/docbuild/.lake/build/doc/Mathlib/Tactic/FunProp/Attr.html",
     "e994b067d2b9d3e6"],
    ["/workspaces/msc-viterbo/packages/lean_viterbo/docbuild/.lake/build/doc/Mathlib/Tactic/FunProp/ContDiff.html",
     "6c4b7a3c3b8a9c4c"],
    ["/workspaces/msc-viterbo/packages/lean_viterbo/docbuild/.lake/build/doc/Mathlib/Tactic/FunProp/Core.html",
     "bfd7206b3199482b"],
    ["/workspaces/msc-viterbo/packages/lean_viterbo/docbuild/.lake/build/doc/Mathlib/Tactic/FunProp/Decl.html",
     "8f3094b56ecd421e"],
    ["/workspaces/msc-viterbo/packages/lean_viterbo/docbuild/.lake/build/doc/Mathlib/Tactic/FunProp/Differentiable.html",
     "47a22a253873dd11"],
    ["/workspaces/msc-viterbo/packages/lean_viterbo/docbuild/.lake/build/doc/Mathlib/Tactic/FunProp/Elab.html",
     "5dd79e66631628d9"],
    ["/workspaces/msc-viterbo/packages/lean_viterbo/docbuild/.lake/build/doc/Mathlib/Tactic/FunProp/FunctionData.html",
     "8f17f7792a3efc67"],
    ["/workspaces/msc-viterbo/packages/lean_viterbo/docbuild/.lake/build/doc/Mathlib/Tactic/FunProp/Mor.html",
     "78eec7187085561f"],
    ["/workspaces/msc-viterbo/packages/lean_viterbo/docbuild/.lake/build/doc/Mathlib/Tactic/FunProp/Theorems.html",
     "9a78c1afd58c4e9b"],
    ["/workspaces/msc-viterbo/packages/lean_viterbo/docbuild/.lake/build/doc/Mathlib/Tactic/FunProp/ToBatteries.html",
     "71ccf45fde634a77"],
    ["/workspaces/msc-viterbo/packages/lean_viterbo/docbuild/.lake/build/doc/Mathlib/Tactic/FunProp/Types.html",
     "8967c704ea716e7d"],
    ["/workspaces/msc-viterbo/packages/lean_viterbo/docbuild/.lake/build/doc/Mathlib/Tactic/GCongr.html",
     "33f27d8d8bdc8a6a"],
    ["/workspaces/msc-viterbo/packages/lean_viterbo/docbuild/.lake/build/doc/Mathlib/Tactic/GCongr/Core.html",
     "ee0905362094451e"],
    ["/workspaces/msc-viterbo/packages/lean_viterbo/docbuild/.lake/build/doc/Mathlib/Tactic/GCongr/CoreAttrs.html",
     "19d470529932fcd1"],
    ["/workspaces/msc-viterbo/packages/lean_viterbo/docbuild/.lake/build/doc/Mathlib/Tactic/GCongr/ForwardAttr.html",
     "0679a9d105a59a75"],
    ["/workspaces/msc-viterbo/packages/lean_viterbo/docbuild/.lake/build/doc/Mathlib/Tactic/GRewrite.html",
     "18aef20733d196b2"],
    ["/workspaces/msc-viterbo/packages/lean_viterbo/docbuild/.lake/build/doc/Mathlib/Tactic/GRewrite/Core.html",
     "38995394da3a9e1c"],
    ["/workspaces/msc-viterbo/packages/lean_viterbo/docbuild/.lake/build/doc/Mathlib/Tactic/GRewrite/Elab.html",
     "6369565e88d94f4f"],
    ["/workspaces/msc-viterbo/packages/lean_viterbo/docbuild/.lake/build/doc/Mathlib/Tactic/Generalize.html",
     "18095130fc651aac"],
    ["/workspaces/msc-viterbo/packages/lean_viterbo/docbuild/.lake/build/doc/Mathlib/Tactic/GeneralizeProofs.html",
     "fadc1f989d1a456d"],
    ["/workspaces/msc-viterbo/packages/lean_viterbo/docbuild/.lake/build/doc/Mathlib/Tactic/Group.html",
     "8e10c0d6868a6b2d"],
    ["/workspaces/msc-viterbo/packages/lean_viterbo/docbuild/.lake/build/doc/Mathlib/Tactic/GuardGoalNums.html",
     "0c04535c2d220c10"],
    ["/workspaces/msc-viterbo/packages/lean_viterbo/docbuild/.lake/build/doc/Mathlib/Tactic/GuardHypNums.html",
     "2b1e68431fc9b6fe"],
    ["/workspaces/msc-viterbo/packages/lean_viterbo/docbuild/.lake/build/doc/Mathlib/Tactic/Have.html",
     "103ac7e1b50f9a4f"],
    ["/workspaces/msc-viterbo/packages/lean_viterbo/docbuild/.lake/build/doc/Mathlib/Tactic/HaveI.html",
     "c56ecbe5ad95976d"],
    ["/workspaces/msc-viterbo/packages/lean_viterbo/docbuild/.lake/build/doc/Mathlib/Tactic/HigherOrder.html",
     "080900b188a15ae6"],
    ["/workspaces/msc-viterbo/packages/lean_viterbo/docbuild/.lake/build/doc/Mathlib/Tactic/Hint.html",
     "8e50acbc207797fd"],
    ["/workspaces/msc-viterbo/packages/lean_viterbo/docbuild/.lake/build/doc/Mathlib/Tactic/ITauto.html",
     "96f6d00223a0e360"],
    ["/workspaces/msc-viterbo/packages/lean_viterbo/docbuild/.lake/build/doc/Mathlib/Tactic/InferParam.html",
     "94cb6e8ea068f922"],
    ["/workspaces/msc-viterbo/packages/lean_viterbo/docbuild/.lake/build/doc/Mathlib/Tactic/Inhabit.html",
     "8f96eb59fc89fb59"],
    ["/workspaces/msc-viterbo/packages/lean_viterbo/docbuild/.lake/build/doc/Mathlib/Tactic/IntervalCases.html",
     "88b3369ffeb9aec0"],
    ["/workspaces/msc-viterbo/packages/lean_viterbo/docbuild/.lake/build/doc/Mathlib/Tactic/IrreducibleDef.html",
     "2322a4b209af5f8d"],
    ["/workspaces/msc-viterbo/packages/lean_viterbo/docbuild/.lake/build/doc/Mathlib/Tactic/Lemma.html",
     "5fe41ce32fe1eccf"],
    ["/workspaces/msc-viterbo/packages/lean_viterbo/docbuild/.lake/build/doc/Mathlib/Tactic/Lift.html",
     "8a73d9111ef07ad8"],
    ["/workspaces/msc-viterbo/packages/lean_viterbo/docbuild/.lake/build/doc/Mathlib/Tactic/LiftLets.html",
     "ae70a565ade0eccd"],
    ["/workspaces/msc-viterbo/packages/lean_viterbo/docbuild/.lake/build/doc/Mathlib/Tactic/Linarith.html",
     "5c98c5d075a9a5cf"],
    ["/workspaces/msc-viterbo/packages/lean_viterbo/docbuild/.lake/build/doc/Mathlib/Tactic/Linarith/Datatypes.html",
     "5abc2613e7872d41"],
    ["/workspaces/msc-viterbo/packages/lean_viterbo/docbuild/.lake/build/doc/Mathlib/Tactic/Linarith/Frontend.html",
     "31b15feedce4a643"],
    ["/workspaces/msc-viterbo/packages/lean_viterbo/docbuild/.lake/build/doc/Mathlib/Tactic/Linarith/Lemmas.html",
     "b91d8d590db3bf7d"],
    ["/workspaces/msc-viterbo/packages/lean_viterbo/docbuild/.lake/build/doc/Mathlib/Tactic/Linarith/Oracle/FourierMotzkin.html",
     "9ab6f9fff4863c47"],
    ["/workspaces/msc-viterbo/packages/lean_viterbo/docbuild/.lake/build/doc/Mathlib/Tactic/Linarith/Oracle/SimplexAlgorithm.html",
     "fd368f00f91e10d8"],
    ["/workspaces/msc-viterbo/packages/lean_viterbo/docbuild/.lake/build/doc/Mathlib/Tactic/Linarith/Oracle/SimplexAlgorithm/Datatypes.html",
     "abf90be5fa6a8e0a"],
    ["/workspaces/msc-viterbo/packages/lean_viterbo/docbuild/.lake/build/doc/Mathlib/Tactic/Linarith/Oracle/SimplexAlgorithm/Gauss.html",
     "160e9c60ce437cdc"],
    ["/workspaces/msc-viterbo/packages/lean_viterbo/docbuild/.lake/build/doc/Mathlib/Tactic/Linarith/Oracle/SimplexAlgorithm/PositiveVector.html",
     "9649a0eb00b641dc"],
    ["/workspaces/msc-viterbo/packages/lean_viterbo/docbuild/.lake/build/doc/Mathlib/Tactic/Linarith/Oracle/SimplexAlgorithm/SimplexAlgorithm.html",
     "ce84699947c04711"],
    ["/workspaces/msc-viterbo/packages/lean_viterbo/docbuild/.lake/build/doc/Mathlib/Tactic/Linarith/Parsing.html",
     "156b51d025de4594"],
    ["/workspaces/msc-viterbo/packages/lean_viterbo/docbuild/.lake/build/doc/Mathlib/Tactic/Linarith/Preprocessing.html",
     "a56f4f14334669c6"],
    ["/workspaces/msc-viterbo/packages/lean_viterbo/docbuild/.lake/build/doc/Mathlib/Tactic/Linarith/Verification.html",
     "c19b0ada64a98073"],
    ["/workspaces/msc-viterbo/packages/lean_viterbo/docbuild/.lake/build/doc/Mathlib/Tactic/LinearCombination.html",
     "19ed1e63e452eed4"],
    ["/workspaces/msc-viterbo/packages/lean_viterbo/docbuild/.lake/build/doc/Mathlib/Tactic/LinearCombination'.html",
     "4b028f6feb1175f1"],
    ["/workspaces/msc-viterbo/packages/lean_viterbo/docbuild/.lake/build/doc/Mathlib/Tactic/LinearCombination/Lemmas.html",
     "ac9c6b9b1815868a"],
    ["/workspaces/msc-viterbo/packages/lean_viterbo/docbuild/.lake/build/doc/Mathlib/Tactic/Linter.html",
     "241d982563107f29"],
    ["/workspaces/msc-viterbo/packages/lean_viterbo/docbuild/.lake/build/doc/Mathlib/Tactic/Linter/CommandRanges.html",
     "dac2d9c796b56a5e"],
    ["/workspaces/msc-viterbo/packages/lean_viterbo/docbuild/.lake/build/doc/Mathlib/Tactic/Linter/CommandStart.html",
     "1c46ee8ed73249b1"],
    ["/workspaces/msc-viterbo/packages/lean_viterbo/docbuild/.lake/build/doc/Mathlib/Tactic/Linter/DeprecatedModule.html",
     "6f698887c6f47459"],
    ["/workspaces/msc-viterbo/packages/lean_viterbo/docbuild/.lake/build/doc/Mathlib/Tactic/Linter/DeprecatedSyntaxLinter.html",
     "60c0edebcd346ebd"],
    ["/workspaces/msc-viterbo/packages/lean_viterbo/docbuild/.lake/build/doc/Mathlib/Tactic/Linter/DirectoryDependency.html",
     "1ab28886d54989b2"],
    ["/workspaces/msc-viterbo/packages/lean_viterbo/docbuild/.lake/build/doc/Mathlib/Tactic/Linter/DocPrime.html",
     "1cf4472b8edf2965"],
    ["/workspaces/msc-viterbo/packages/lean_viterbo/docbuild/.lake/build/doc/Mathlib/Tactic/Linter/DocString.html",
     "142aead27aac25ae"],
    ["/workspaces/msc-viterbo/packages/lean_viterbo/docbuild/.lake/build/doc/Mathlib/Tactic/Linter/FindDeprecations.html",
     "38febb7759b0480e"],
    ["/workspaces/msc-viterbo/packages/lean_viterbo/docbuild/.lake/build/doc/Mathlib/Tactic/Linter/FlexibleLinter.html",
     "b0db7a3f88f29a1c"],
    ["/workspaces/msc-viterbo/packages/lean_viterbo/docbuild/.lake/build/doc/Mathlib/Tactic/Linter/GlobalAttributeIn.html",
     "4b0158cfee0b0346"],
    ["/workspaces/msc-viterbo/packages/lean_viterbo/docbuild/.lake/build/doc/Mathlib/Tactic/Linter/HashCommandLinter.html",
     "eb4747daaa14bd59"],
    ["/workspaces/msc-viterbo/packages/lean_viterbo/docbuild/.lake/build/doc/Mathlib/Tactic/Linter/HaveLetLinter.html",
     "c97c03ccbce8ee1a"],
    ["/workspaces/msc-viterbo/packages/lean_viterbo/docbuild/.lake/build/doc/Mathlib/Tactic/Linter/Header.html",
     "3fc92023b487c964"],
    ["/workspaces/msc-viterbo/packages/lean_viterbo/docbuild/.lake/build/doc/Mathlib/Tactic/Linter/Lint.html",
     "df63407bc2d03975"],
    ["/workspaces/msc-viterbo/packages/lean_viterbo/docbuild/.lake/build/doc/Mathlib/Tactic/Linter/MinImports.html",
     "d97e5e0b7b1487bf"],
    ["/workspaces/msc-viterbo/packages/lean_viterbo/docbuild/.lake/build/doc/Mathlib/Tactic/Linter/Multigoal.html",
     "abe16e6f29b2ada8"],
    ["/workspaces/msc-viterbo/packages/lean_viterbo/docbuild/.lake/build/doc/Mathlib/Tactic/Linter/OldObtain.html",
     "3e0da7a3622d15a2"],
    ["/workspaces/msc-viterbo/packages/lean_viterbo/docbuild/.lake/build/doc/Mathlib/Tactic/Linter/PPRoundtrip.html",
     "219ddde94c098959"],
    ["/workspaces/msc-viterbo/packages/lean_viterbo/docbuild/.lake/build/doc/Mathlib/Tactic/Linter/Style.html",
     "e480fcfb33dc7847"],
    ["/workspaces/msc-viterbo/packages/lean_viterbo/docbuild/.lake/build/doc/Mathlib/Tactic/Linter/TextBased.html",
     "b61326b7df27b82a"],
    ["/workspaces/msc-viterbo/packages/lean_viterbo/docbuild/.lake/build/doc/Mathlib/Tactic/Linter/UnusedTactic.html",
     "a70ff096dac49247"],
    ["/workspaces/msc-viterbo/packages/lean_viterbo/docbuild/.lake/build/doc/Mathlib/Tactic/Linter/UnusedTacticExtension.html",
     "9c8557c56d36c32f"],
    ["/workspaces/msc-viterbo/packages/lean_viterbo/docbuild/.lake/build/doc/Mathlib/Tactic/Linter/UpstreamableDecl.html",
     "93f96b829c306f6e"],
    ["/workspaces/msc-viterbo/packages/lean_viterbo/docbuild/.lake/build/doc/Mathlib/Tactic/Measurability.html",
     "5451597c0f92148c"],
    ["/workspaces/msc-viterbo/packages/lean_viterbo/docbuild/.lake/build/doc/Mathlib/Tactic/Measurability/Init.html",
     "1e7b6630d328930b"],
    ["/workspaces/msc-viterbo/packages/lean_viterbo/docbuild/.lake/build/doc/Mathlib/Tactic/MinImports.html",
     "54620abadacb2f66"],
    ["/workspaces/msc-viterbo/packages/lean_viterbo/docbuild/.lake/build/doc/Mathlib/Tactic/MkIffOfInductiveProp.html",
     "bd077158218efd3b"],
    ["/workspaces/msc-viterbo/packages/lean_viterbo/docbuild/.lake/build/doc/Mathlib/Tactic/ModCases.html",
     "dc9ace0c120410f4"],
    ["/workspaces/msc-viterbo/packages/lean_viterbo/docbuild/.lake/build/doc/Mathlib/Tactic/Module.html",
     "82a7c580300f6294"],
    ["/workspaces/msc-viterbo/packages/lean_viterbo/docbuild/.lake/build/doc/Mathlib/Tactic/Monotonicity.html",
     "1d14b279bd1172fe"],
    ["/workspaces/msc-viterbo/packages/lean_viterbo/docbuild/.lake/build/doc/Mathlib/Tactic/Monotonicity/Attr.html",
     "8568e8548ef7ab78"],
    ["/workspaces/msc-viterbo/packages/lean_viterbo/docbuild/.lake/build/doc/Mathlib/Tactic/Monotonicity/Basic.html",
     "d769acdbf47e1681"],
    ["/workspaces/msc-viterbo/packages/lean_viterbo/docbuild/.lake/build/doc/Mathlib/Tactic/Monotonicity/Lemmas.html",
     "508512ec60595612"],
    ["/workspaces/msc-viterbo/packages/lean_viterbo/docbuild/.lake/build/doc/Mathlib/Tactic/MoveAdd.html",
     "adc2d74a97249776"],
    ["/workspaces/msc-viterbo/packages/lean_viterbo/docbuild/.lake/build/doc/Mathlib/Tactic/NoncommRing.html",
     "038c5bbd46b5f2fc"],
    ["/workspaces/msc-viterbo/packages/lean_viterbo/docbuild/.lake/build/doc/Mathlib/Tactic/Nontriviality.html",
     "115bc08766df730a"],
    ["/workspaces/msc-viterbo/packages/lean_viterbo/docbuild/.lake/build/doc/Mathlib/Tactic/Nontriviality/Core.html",
     "c3093d071253791c"],
    ["/workspaces/msc-viterbo/packages/lean_viterbo/docbuild/.lake/build/doc/Mathlib/Tactic/NormNum.html",
     "d74ac79e31f56534"],
    ["/workspaces/msc-viterbo/packages/lean_viterbo/docbuild/.lake/build/doc/Mathlib/Tactic/NormNum/Abs.html",
     "4f03136c3847f468"],
    ["/workspaces/msc-viterbo/packages/lean_viterbo/docbuild/.lake/build/doc/Mathlib/Tactic/NormNum/Basic.html",
     "c12785a1a3e4a43b"],
    ["/workspaces/msc-viterbo/packages/lean_viterbo/docbuild/.lake/build/doc/Mathlib/Tactic/NormNum/BigOperators.html",
     "62ce82050dfa1511"],
    ["/workspaces/msc-viterbo/packages/lean_viterbo/docbuild/.lake/build/doc/Mathlib/Tactic/NormNum/Core.html",
     "affe7723056313bd"],
    ["/workspaces/msc-viterbo/packages/lean_viterbo/docbuild/.lake/build/doc/Mathlib/Tactic/NormNum/DivMod.html",
     "3bf166014e645322"],
    ["/workspaces/msc-viterbo/packages/lean_viterbo/docbuild/.lake/build/doc/Mathlib/Tactic/NormNum/Eq.html",
     "7465555eaccd7b37"],
    ["/workspaces/msc-viterbo/packages/lean_viterbo/docbuild/.lake/build/doc/Mathlib/Tactic/NormNum/GCD.html",
     "a2aee57619aad3ad"],
    ["/workspaces/msc-viterbo/packages/lean_viterbo/docbuild/.lake/build/doc/Mathlib/Tactic/NormNum/Ineq.html",
     "2bbb4653e5df1549"],
    ["/workspaces/msc-viterbo/packages/lean_viterbo/docbuild/.lake/build/doc/Mathlib/Tactic/NormNum/Inv.html",
     "b702be61419ffb35"],
    ["/workspaces/msc-viterbo/packages/lean_viterbo/docbuild/.lake/build/doc/Mathlib/Tactic/NormNum/Irrational.html",
     "5e1862e8c4365971"],
    ["/workspaces/msc-viterbo/packages/lean_viterbo/docbuild/.lake/build/doc/Mathlib/Tactic/NormNum/IsCoprime.html",
     "e15ee9e00a9c67c6"],
    ["/workspaces/msc-viterbo/packages/lean_viterbo/docbuild/.lake/build/doc/Mathlib/Tactic/NormNum/LegendreSymbol.html",
     "48fe00d5b3c3beca"],
    ["/workspaces/msc-viterbo/packages/lean_viterbo/docbuild/.lake/build/doc/Mathlib/Tactic/NormNum/ModEq.html",
     "b4e3784235f28045"],
    ["/workspaces/msc-viterbo/packages/lean_viterbo/docbuild/.lake/build/doc/Mathlib/Tactic/NormNum/NatFactorial.html",
     "ea427a5715ba5b49"],
    ["/workspaces/msc-viterbo/packages/lean_viterbo/docbuild/.lake/build/doc/Mathlib/Tactic/NormNum/NatFib.html",
     "62fc0ee997b83a6d"],
    ["/workspaces/msc-viterbo/packages/lean_viterbo/docbuild/.lake/build/doc/Mathlib/Tactic/NormNum/NatLog.html",
     "13c4793a65672b7f"],
    ["/workspaces/msc-viterbo/packages/lean_viterbo/docbuild/.lake/build/doc/Mathlib/Tactic/NormNum/NatSqrt.html",
     "9961518cf5592835"],
    ["/workspaces/msc-viterbo/packages/lean_viterbo/docbuild/.lake/build/doc/Mathlib/Tactic/NormNum/OfScientific.html",
     "4997f2da1344bedf"],
    ["/workspaces/msc-viterbo/packages/lean_viterbo/docbuild/.lake/build/doc/Mathlib/Tactic/NormNum/Ordinal.html",
     "129aa97c365d5d6c"],
    ["/workspaces/msc-viterbo/packages/lean_viterbo/docbuild/.lake/build/doc/Mathlib/Tactic/NormNum/Parity.html",
     "6459888e3433c63a"],
    ["/workspaces/msc-viterbo/packages/lean_viterbo/docbuild/.lake/build/doc/Mathlib/Tactic/NormNum/Pow.html",
     "69c7b0fc00add05c"],
    ["/workspaces/msc-viterbo/packages/lean_viterbo/docbuild/.lake/build/doc/Mathlib/Tactic/NormNum/PowMod.html",
     "e4817476c9325039"],
    ["/workspaces/msc-viterbo/packages/lean_viterbo/docbuild/.lake/build/doc/Mathlib/Tactic/NormNum/Prime.html",
     "2de2f425e7897a0a"],
    ["/workspaces/msc-viterbo/packages/lean_viterbo/docbuild/.lake/build/doc/Mathlib/Tactic/NormNum/RealSqrt.html",
     "10a60fa6787aca4c"],
    ["/workspaces/msc-viterbo/packages/lean_viterbo/docbuild/.lake/build/doc/Mathlib/Tactic/NormNum/Result.html",
     "5576a8cd9ae5002b"],
    ["/workspaces/msc-viterbo/packages/lean_viterbo/docbuild/.lake/build/doc/Mathlib/Tactic/NthRewrite.html",
     "aeea89b290caf302"],
    ["/workspaces/msc-viterbo/packages/lean_viterbo/docbuild/.lake/build/doc/Mathlib/Tactic/Observe.html",
     "49c0a3a5bd4693f2"],
    ["/workspaces/msc-viterbo/packages/lean_viterbo/docbuild/.lake/build/doc/Mathlib/Tactic/OfNat.html",
     "c79524e4b62245b9"],
    ["/workspaces/msc-viterbo/packages/lean_viterbo/docbuild/.lake/build/doc/Mathlib/Tactic/Order.html",
     "b339667c2ae0f9ae"],
    ["/workspaces/msc-viterbo/packages/lean_viterbo/docbuild/.lake/build/doc/Mathlib/Tactic/Order/CollectFacts.html",
     "bc4e8dc7598056ba"],
    ["/workspaces/msc-viterbo/packages/lean_viterbo/docbuild/.lake/build/doc/Mathlib/Tactic/Order/Graph/Basic.html",
     "05b80a9e5d58339d"],
    ["/workspaces/msc-viterbo/packages/lean_viterbo/docbuild/.lake/build/doc/Mathlib/Tactic/Order/Graph/Tarjan.html",
     "b45a8219e05b66e7"],
    ["/workspaces/msc-viterbo/packages/lean_viterbo/docbuild/.lake/build/doc/Mathlib/Tactic/Order/Preprocessing.html",
     "31b14ff1f51050cb"],
    ["/workspaces/msc-viterbo/packages/lean_viterbo/docbuild/.lake/build/doc/Mathlib/Tactic/Order/ToInt.html",
     "95aed19102be3609"],
    ["/workspaces/msc-viterbo/packages/lean_viterbo/docbuild/.lake/build/doc/Mathlib/Tactic/PNatToNat.html",
     "3db78697792b02f7"],
    ["/workspaces/msc-viterbo/packages/lean_viterbo/docbuild/.lake/build/doc/Mathlib/Tactic/PPWithUniv.html",
     "28e8aaa12759c9fd"],
    ["/workspaces/msc-viterbo/packages/lean_viterbo/docbuild/.lake/build/doc/Mathlib/Tactic/Peel.html",
     "6df35e856148666b"],
    ["/workspaces/msc-viterbo/packages/lean_viterbo/docbuild/.lake/build/doc/Mathlib/Tactic/Polyrith.html",
     "2a184c43e0835cfb"],
    ["/workspaces/msc-viterbo/packages/lean_viterbo/docbuild/.lake/build/doc/Mathlib/Tactic/Positivity.html",
     "3a3c414126282624"],
    ["/workspaces/msc-viterbo/packages/lean_viterbo/docbuild/.lake/build/doc/Mathlib/Tactic/Positivity/Basic.html",
     "933272d717941af0"],
    ["/workspaces/msc-viterbo/packages/lean_viterbo/docbuild/.lake/build/doc/Mathlib/Tactic/Positivity/Core.html",
     "354114d0ed29633b"],
    ["/workspaces/msc-viterbo/packages/lean_viterbo/docbuild/.lake/build/doc/Mathlib/Tactic/Positivity/Finset.html",
     "37c2b6548f9aea7c"],
    ["/workspaces/msc-viterbo/packages/lean_viterbo/docbuild/.lake/build/doc/Mathlib/Tactic/ProdAssoc.html",
     "d2e5745065db04d1"],
    ["/workspaces/msc-viterbo/packages/lean_viterbo/docbuild/.lake/build/doc/Mathlib/Tactic/Propose.html",
     "67a9380e7e4a7880"],
    ["/workspaces/msc-viterbo/packages/lean_viterbo/docbuild/.lake/build/doc/Mathlib/Tactic/ProxyType.html",
     "49f35bc7cb74cac3"],
    ["/workspaces/msc-viterbo/packages/lean_viterbo/docbuild/.lake/build/doc/Mathlib/Tactic/Push.html",
     "03a1507323b59f3a"],
    ["/workspaces/msc-viterbo/packages/lean_viterbo/docbuild/.lake/build/doc/Mathlib/Tactic/Push/Attr.html",
     "51b54603ddc28be5"],
    ["/workspaces/msc-viterbo/packages/lean_viterbo/docbuild/.lake/build/doc/Mathlib/Tactic/Qify.html",
     "db200510ad4ce760"],
    ["/workspaces/msc-viterbo/packages/lean_viterbo/docbuild/.lake/build/doc/Mathlib/Tactic/RSuffices.html",
     "8815210efa975d13"],
    ["/workspaces/msc-viterbo/packages/lean_viterbo/docbuild/.lake/build/doc/Mathlib/Tactic/Recall.html",
     "cee60befa9e217f6"],
    ["/workspaces/msc-viterbo/packages/lean_viterbo/docbuild/.lake/build/doc/Mathlib/Tactic/Recover.html",
     "ac277bd76857d1d8"],
    ["/workspaces/msc-viterbo/packages/lean_viterbo/docbuild/.lake/build/doc/Mathlib/Tactic/ReduceModChar.html",
     "10a3da1c5c79f341"],
    ["/workspaces/msc-viterbo/packages/lean_viterbo/docbuild/.lake/build/doc/Mathlib/Tactic/ReduceModChar/Ext.html",
     "65c0e14c1280d17a"],
    ["/workspaces/msc-viterbo/packages/lean_viterbo/docbuild/.lake/build/doc/Mathlib/Tactic/Relation/Rfl.html",
     "994cf1874fc2e615"],
    ["/workspaces/msc-viterbo/packages/lean_viterbo/docbuild/.lake/build/doc/Mathlib/Tactic/Relation/Symm.html",
     "a5db84d167462594"],
    ["/workspaces/msc-viterbo/packages/lean_viterbo/docbuild/.lake/build/doc/Mathlib/Tactic/Rename.html",
     "7b49197ff4baf07a"],
    ["/workspaces/msc-viterbo/packages/lean_viterbo/docbuild/.lake/build/doc/Mathlib/Tactic/RenameBVar.html",
     "0c46173344d2561a"],
    ["/workspaces/msc-viterbo/packages/lean_viterbo/docbuild/.lake/build/doc/Mathlib/Tactic/Replace.html",
     "537f3e79a59f64c5"],
    ["/workspaces/msc-viterbo/packages/lean_viterbo/docbuild/.lake/build/doc/Mathlib/Tactic/RewriteSearch.html",
     "695c49e47a4c3929"],
    ["/workspaces/msc-viterbo/packages/lean_viterbo/docbuild/.lake/build/doc/Mathlib/Tactic/Rify.html",
     "b74d345d17d40323"],
    ["/workspaces/msc-viterbo/packages/lean_viterbo/docbuild/.lake/build/doc/Mathlib/Tactic/Ring.html",
     "b7a3b09c44941fc4"],
    ["/workspaces/msc-viterbo/packages/lean_viterbo/docbuild/.lake/build/doc/Mathlib/Tactic/Ring/Basic.html",
     "9626c2aa3e5ab61d"],
    ["/workspaces/msc-viterbo/packages/lean_viterbo/docbuild/.lake/build/doc/Mathlib/Tactic/Ring/Compare.html",
     "9a4a58c152a0908b"],
    ["/workspaces/msc-viterbo/packages/lean_viterbo/docbuild/.lake/build/doc/Mathlib/Tactic/Ring/NamePolyVars.html",
     "84f4903ffc6e21f4"],
    ["/workspaces/msc-viterbo/packages/lean_viterbo/docbuild/.lake/build/doc/Mathlib/Tactic/Ring/PNat.html",
     "42496d17559326a8"],
    ["/workspaces/msc-viterbo/packages/lean_viterbo/docbuild/.lake/build/doc/Mathlib/Tactic/Ring/RingNF.html",
     "e2ffd11ecd4106ab"],
    ["/workspaces/msc-viterbo/packages/lean_viterbo/docbuild/.lake/build/doc/Mathlib/Tactic/Sat/FromLRAT.html",
     "6f172df9c85028f4"],
    ["/workspaces/msc-viterbo/packages/lean_viterbo/docbuild/.lake/build/doc/Mathlib/Tactic/Says.html",
     "72f33333cb20677a"],
    ["/workspaces/msc-viterbo/packages/lean_viterbo/docbuild/.lake/build/doc/Mathlib/Tactic/ScopedNS.html",
     "db416fdb530b1e6c"],
    ["/workspaces/msc-viterbo/packages/lean_viterbo/docbuild/.lake/build/doc/Mathlib/Tactic/Set.html",
     "fd5655971111f8ff"],
    ["/workspaces/msc-viterbo/packages/lean_viterbo/docbuild/.lake/build/doc/Mathlib/Tactic/SetLike.html",
     "2c4f456253ffe916"],
    ["/workspaces/msc-viterbo/packages/lean_viterbo/docbuild/.lake/build/doc/Mathlib/Tactic/SimpIntro.html",
     "a02d6c8d008e64a7"],
    ["/workspaces/msc-viterbo/packages/lean_viterbo/docbuild/.lake/build/doc/Mathlib/Tactic/SimpRw.html",
     "dc01e9d150fb9138"],
    ["/workspaces/msc-viterbo/packages/lean_viterbo/docbuild/.lake/build/doc/Mathlib/Tactic/Simproc/Divisors.html",
     "62ef2d7eb4472de6"],
    ["/workspaces/msc-viterbo/packages/lean_viterbo/docbuild/.lake/build/doc/Mathlib/Tactic/Simproc/ExistsAndEq.html",
     "41a056146ca343b4"],
    ["/workspaces/msc-viterbo/packages/lean_viterbo/docbuild/.lake/build/doc/Mathlib/Tactic/Simproc/Factors.html",
     "769e04d688d49526"],
    ["/workspaces/msc-viterbo/packages/lean_viterbo/docbuild/.lake/build/doc/Mathlib/Tactic/Simproc/FinsetInterval.html",
     "5c7d5d240fb74284"],
    ["/workspaces/msc-viterbo/packages/lean_viterbo/docbuild/.lake/build/doc/Mathlib/Tactic/Simps/Basic.html",
     "6e11fbc4ad820b20"],
    ["/workspaces/msc-viterbo/packages/lean_viterbo/docbuild/.lake/build/doc/Mathlib/Tactic/Simps/NotationClass.html",
     "ae6594e2fb1c751e"],
    ["/workspaces/msc-viterbo/packages/lean_viterbo/docbuild/.lake/build/doc/Mathlib/Tactic/SplitIfs.html",
     "6198ce32ec092f36"],
    ["/workspaces/msc-viterbo/packages/lean_viterbo/docbuild/.lake/build/doc/Mathlib/Tactic/Spread.html",
     "b559389430c6a945"],
    ["/workspaces/msc-viterbo/packages/lean_viterbo/docbuild/.lake/build/doc/Mathlib/Tactic/StacksAttribute.html",
     "60da9ad2bece6632"],
    ["/workspaces/msc-viterbo/packages/lean_viterbo/docbuild/.lake/build/doc/Mathlib/Tactic/Subsingleton.html",
     "f55d2d576fac4381"],
    ["/workspaces/msc-viterbo/packages/lean_viterbo/docbuild/.lake/build/doc/Mathlib/Tactic/Substs.html",
     "5c605bf0960cac72"],
    ["/workspaces/msc-viterbo/packages/lean_viterbo/docbuild/.lake/build/doc/Mathlib/Tactic/SuccessIfFailWithMsg.html",
     "335af85ac82989c1"],
    ["/workspaces/msc-viterbo/packages/lean_viterbo/docbuild/.lake/build/doc/Mathlib/Tactic/SudoSetOption.html",
     "aab3319364c80ce2"],
    ["/workspaces/msc-viterbo/packages/lean_viterbo/docbuild/.lake/build/doc/Mathlib/Tactic/SuppressCompilation.html",
     "c8dcd45a84e2ebfe"],
    ["/workspaces/msc-viterbo/packages/lean_viterbo/docbuild/.lake/build/doc/Mathlib/Tactic/SwapVar.html",
     "a9352b5547e8ac83"],
    ["/workspaces/msc-viterbo/packages/lean_viterbo/docbuild/.lake/build/doc/Mathlib/Tactic/TFAE.html",
     "7f83d8f7f5863893"],
    ["/workspaces/msc-viterbo/packages/lean_viterbo/docbuild/.lake/build/doc/Mathlib/Tactic/TacticAnalysis.html",
     "13c1a6ba52f4aedc"],
    ["/workspaces/msc-viterbo/packages/lean_viterbo/docbuild/.lake/build/doc/Mathlib/Tactic/TacticAnalysis/Declarations.html",
     "e9afb215bed8090b"],
    ["/workspaces/msc-viterbo/packages/lean_viterbo/docbuild/.lake/build/doc/Mathlib/Tactic/Tauto.html",
     "55854a2b1bc0057c"],
    ["/workspaces/msc-viterbo/packages/lean_viterbo/docbuild/.lake/build/doc/Mathlib/Tactic/TautoSet.html",
     "8a894b3cc388e1e9"],
    ["/workspaces/msc-viterbo/packages/lean_viterbo/docbuild/.lake/build/doc/Mathlib/Tactic/TermCongr.html",
     "970b88e6b99e4767"],
    ["/workspaces/msc-viterbo/packages/lean_viterbo/docbuild/.lake/build/doc/Mathlib/Tactic/ToAdditive.html",
     "7a845ec59f719c44"],
    ["/workspaces/msc-viterbo/packages/lean_viterbo/docbuild/.lake/build/doc/Mathlib/Tactic/ToDual.html",
     "88f77da003bce764"],
    ["/workspaces/msc-viterbo/packages/lean_viterbo/docbuild/.lake/build/doc/Mathlib/Tactic/ToExpr.html",
     "9bcb1d7d277e5a60"],
    ["/workspaces/msc-viterbo/packages/lean_viterbo/docbuild/.lake/build/doc/Mathlib/Tactic/ToLevel.html",
     "79e3adf272f14888"],
    ["/workspaces/msc-viterbo/packages/lean_viterbo/docbuild/.lake/build/doc/Mathlib/Tactic/Trace.html",
     "a256bfb32638ae8a"],
    ["/workspaces/msc-viterbo/packages/lean_viterbo/docbuild/.lake/build/doc/Mathlib/Tactic/Translate/Core.html",
     "71f66937b9e26ded"],
    ["/workspaces/msc-viterbo/packages/lean_viterbo/docbuild/.lake/build/doc/Mathlib/Tactic/Translate/GuessName.html",
     "fe113df1d58ecefe"],
    ["/workspaces/msc-viterbo/packages/lean_viterbo/docbuild/.lake/build/doc/Mathlib/Tactic/Translate/ToAdditive.html",
     "aa61f8e53b89db70"],
    ["/workspaces/msc-viterbo/packages/lean_viterbo/docbuild/.lake/build/doc/Mathlib/Tactic/Translate/ToDual.html",
     "48c59d95ac01b36e"],
    ["/workspaces/msc-viterbo/packages/lean_viterbo/docbuild/.lake/build/doc/Mathlib/Tactic/TryThis.html",
     "898d9d5affc6ae95"],
    ["/workspaces/msc-viterbo/packages/lean_viterbo/docbuild/.lake/build/doc/Mathlib/Tactic/TypeCheck.html",
     "f7e2c8bb929bbcef"],
    ["/workspaces/msc-viterbo/packages/lean_viterbo/docbuild/.lake/build/doc/Mathlib/Tactic/TypeStar.html",
     "e3194cd46c980998"],
    ["/workspaces/msc-viterbo/packages/lean_viterbo/docbuild/.lake/build/doc/Mathlib/Tactic/UnsetOption.html",
     "0732f70911825924"],
    ["/workspaces/msc-viterbo/packages/lean_viterbo/docbuild/.lake/build/doc/Mathlib/Tactic/Use.html",
     "1144456f4589c853"],
    ["/workspaces/msc-viterbo/packages/lean_viterbo/docbuild/.lake/build/doc/Mathlib/Tactic/Variable.html",
     "3c01039d67008490"],
    ["/workspaces/msc-viterbo/packages/lean_viterbo/docbuild/.lake/build/doc/Mathlib/Tactic/WLOG.html",
     "7145948e20066a5d"],
    ["/workspaces/msc-viterbo/packages/lean_viterbo/docbuild/.lake/build/doc/Mathlib/Tactic/Widget/Calc.html",
     "79192b845afdd91b"],
    ["/workspaces/msc-viterbo/packages/lean_viterbo/docbuild/.lake/build/doc/Mathlib/Tactic/Widget/CommDiag.html",
     "e4d19c19bdb4af15"],
    ["/workspaces/msc-viterbo/packages/lean_viterbo/docbuild/.lake/build/doc/Mathlib/Tactic/Widget/CongrM.html",
     "73476d15504d2fc7"],
    ["/workspaces/msc-viterbo/packages/lean_viterbo/docbuild/.lake/build/doc/Mathlib/Tactic/Widget/Conv.html",
     "99869cf9ab818079"],
    ["/workspaces/msc-viterbo/packages/lean_viterbo/docbuild/.lake/build/doc/Mathlib/Tactic/Widget/GCongr.html",
     "101598a0d95f618d"],
    ["/workspaces/msc-viterbo/packages/lean_viterbo/docbuild/.lake/build/doc/Mathlib/Tactic/Widget/InteractiveUnfold.html",
     "622e3f7241d717fb"],
    ["/workspaces/msc-viterbo/packages/lean_viterbo/docbuild/.lake/build/doc/Mathlib/Tactic/Widget/LibraryRewrite.html",
     "065b7746f4988164"],
    ["/workspaces/msc-viterbo/packages/lean_viterbo/docbuild/.lake/build/doc/Mathlib/Tactic/Widget/SelectInsertParamsClass.html",
     "8b4206cb52f2ceb9"],
    ["/workspaces/msc-viterbo/packages/lean_viterbo/docbuild/.lake/build/doc/Mathlib/Tactic/Widget/SelectPanelUtils.html",
     "3b2f56c65cae9398"],
    ["/workspaces/msc-viterbo/packages/lean_viterbo/docbuild/.lake/build/doc/Mathlib/Tactic/Widget/StringDiagram.html",
     "84f211dee943bd5c"],
    ["/workspaces/msc-viterbo/packages/lean_viterbo/docbuild/.lake/build/doc/Mathlib/Tactic/WithoutCDot.html",
     "132e17974277db76"],
    ["/workspaces/msc-viterbo/packages/lean_viterbo/docbuild/.lake/build/doc/Mathlib/Tactic/Zify.html",
     "0407ab5dbbcaef35"]]],
  ["/workspaces/msc-viterbo/packages/lean_viterbo/docbuild/.lake/build/doc-data/references.json",
   "a50f2257f35adb49"],
  ["/workspaces/worktrees/shared/lean/packages/doc-gen4/.lake/build/bin/doc-gen4",
   "9e6b0df9b550ac7e"],
  ["Mathlib.Tactic:leanArts", "2bb361fd9d38180f"]],
 "depHash": "a942ea4b511b0315"}