{"synthetic": false,
 "schemaVersion": "2025-09-10",
 "outputs": null,
 "log":
 [{"message":
   ".> ELAN=elan ELAN_HOME=/home/vscode/.elan ELAN_TOOLCHAIN=leanprover/lean4:v4.25.0 LAKE=/home/vscode/.elan/toolchains/leanprover--lean4---v4.25.0/bin/lake LAKE_HOME=/home/vscode/.elan/toolchains/leanprover--lean4---v4.25.0 LAKE_PKG_URL_MAP={} LAKE_NO_CACHE=false LAKE_ARTIFACT_CACHE=false LAKE_CACHE_KEY= LAKE_CACHE_ARTIFACT_ENDPOINT= LAKE_CACHE_REVISION_ENDPOINT= LEAN=/home/vscode/.elan/toolchains/leanprover--lean4---v4.25.0/bin/lean LEAN_SYSROOT=/home/vscode/.elan/toolchains/leanprover--lean4---v4.25.0 LEAN_AR=/home/vscode/.elan/toolchains/leanprover--lean4---v4.25.0/bin/llvm-ar LEAN_CC= LAKE_CACHE_DIR=/home/vscode/.elan/toolchains/leanprover--lean4---v4.25.0/lake/cache LEAN_PATH=/workspaces/worktrees/shared/lean/packages/batteries/.lake/build/lib/lean:/workspaces/worktrees/shared/lean/packages/Qq/.lake/build/lib/lean:/workspaces/worktrees/shared/lean/packages/aesop/.lake/build/lib/lean:/workspaces/worktrees/shared/lean/packages/proofwidgets/.lake/build/lib/lean:/workspaces/worktrees/shared/lean/packages/importGraph/.lake/build/lib/lean:/workspaces/worktrees/shared/lean/packages/LeanSearchClient/.lake/build/lib/lean:/workspaces/worktrees/shared/lean/packages/plausible/.lake/build/lib/lean:/workspaces/worktrees/shared/lean/packages/mathlib/.lake/build/lib/lean:/workspaces/worktrees/shared/lean/packages/MD4Lean/.lake/build/lib/lean:/workspaces/worktrees/shared/lean/packages/BibtexQuery/.lake/build/lib/lean:/workspaces/worktrees/shared/lean/packages/UnicodeBasic/.lake/build/lib/lean:/workspaces/worktrees/shared/lean/packages/Cli/.lake/build/lib/lean:/workspaces/msc-viterbo/packages/lean_viterbo/.lake/build/lib/lean:/workspaces/worktrees/shared/lean/packages/doc-gen4/.lake/build/lib/lean:/workspaces/msc-viterbo/packages/lean_viterbo/docbuild/.lake/build/lib/lean:/home/vscode/.elan/toolchains/leanprover--lean4---v4.25.0/lib/lean LEAN_SRC_PATH=/workspaces/worktrees/shared/lean/packages/batteries:/workspaces/worktrees/shared/lean/packages/batteries:/workspaces/worktrees/shared/lean/packages/Qq:/workspaces/worktrees/shared/lean/packages/Qq:/workspaces/worktrees/shared/lean/packages/aesop:/workspaces/worktrees/shared/lean/packages/aesop:/workspaces/worktrees/shared/lean/packages/proofwidgets:/workspaces/worktrees/shared/lean/packages/proofwidgets:/workspaces/worktrees/shared/lean/packages/importGraph:/workspaces/worktrees/shared/lean/packages/importGraph:/workspaces/worktrees/shared/lean/packages/LeanSearchClient:/workspaces/worktrees/shared/lean/packages/LeanSearchClient:/workspaces/worktrees/shared/lean/packages/plausible:/workspaces/worktrees/shared/lean/packages/plausible:/workspaces/worktrees/shared/lean/packages/mathlib:/workspaces/worktrees/shared/lean/packages/mathlib:/workspaces/worktrees/shared/lean/packages/mathlib:/workspaces/worktrees/shared/lean/packages/mathlib:/workspaces/worktrees/shared/lean/packages/mathlib:/workspaces/worktrees/shared/lean/packages/mathlib:/workspaces/worktrees/shared/lean/packages/mathlib:/workspaces/worktrees/shared/lean/packages/MD4Lean:/workspaces/worktrees/shared/lean/packages/MD4Lean:/workspaces/worktrees/shared/lean/packages/BibtexQuery:/workspaces/worktrees/shared/lean/packages/UnicodeBasic:/workspaces/worktrees/shared/lean/packages/UnicodeBasic:/workspaces/worktrees/shared/lean/packages/Cli:/workspaces/worktrees/shared/lean/packages/Cli:/workspaces/msc-viterbo/packages/lean_viterbo:/workspaces/worktrees/shared/lean/packages/doc-gen4:/home/vscode/.elan/toolchains/leanprover--lean4---v4.25.0/src/lean/lake LEAN_GITHASH=cdd38ac5115bdeec5f609e9126cce00f51ae88b3 PATH LD_LIBRARY_PATH=/home/vscode/.elan/toolchains/leanprover--lean4---v4.25.0/lib/lean:/home/vscode/.elan/toolchains/leanprover--lean4---v4.25.0/lib:/workspaces/msc-viterbo/packages/lean_viterbo/docbuild/.lake/build/lib:/workspaces/worktrees/shared/lean/packages/doc-gen4/.lake/build/lib:/workspaces/msc-viterbo/packages/lean_viterbo/.lake/build/lib:/workspaces/worktrees/shared/lean/packages/Cli/.lake/build/lib:/workspaces/worktrees/shared/lean/packages/UnicodeBasic/.lake/build/lib:/workspaces/worktrees/shared/lean/packages/BibtexQuery/.lake/build/lib:/workspaces/worktrees/shared/lean/packages/MD4Lean/.lake/build/lib:/workspaces/worktrees/shared/lean/packages/mathlib/.lake/build/lib:/workspaces/worktrees/shared/lean/packages/plausible/.lake/build/lib:/workspaces/worktrees/shared/lean/packages/LeanSearchClient/.lake/build/lib:/workspaces/worktrees/shared/lean/packages/importGraph/.lake/build/lib:/workspaces/worktrees/shared/lean/packages/proofwidgets/.lake/build/lib:/workspaces/worktrees/shared/lean/packages/aesop/.lake/build/lib:/workspaces/worktrees/shared/lean/packages/Qq/.lake/build/lib:/workspaces/worktrees/shared/lean/packages/batteries/.lake/build/lib /workspaces/worktrees/shared/lean/packages/doc-gen4/.lake/build/bin/doc-gen4 single --build /workspaces/msc-viterbo/packages/lean_viterbo/docbuild/.lake/build Mathlib.Analysis.NormedSpace.Multilinear.Basic https://github.com/leanprover-community/mathlib4/blob/1ccd71f89cbbd82ae7d097723ce1722ca7b01c33/Mathlib/Analysis/NormedSpace/Multilinear/Basic.lean",
   "level": "trace"}],
 "inputs":
 [["<collection>",
   [["/workspaces/msc-viterbo/packages/lean_viterbo/docbuild/.lake/build/doc/Mathlib/Analysis/Normed/Operator/NormedSpace.html",
     "86458573bf628861"],
    ["/workspaces/msc-viterbo/packages/lean_viterbo/docbuild/.lake/build/doc/Mathlib/Logic/Embedding/Basic.html",
     "9e8d91bfe1b6016f"],
    ["/workspaces/msc-viterbo/packages/lean_viterbo/docbuild/.lake/build/doc/Mathlib/Data/Fintype/CardEmbedding.html",
     "457d681af90aaeff"],
    ["/workspaces/msc-viterbo/packages/lean_viterbo/docbuild/.lake/build/doc/Mathlib/Topology/Algebra/MetricSpace/Lipschitz.html",
     "a0c7840e155a433b"],
    ["/workspaces/msc-viterbo/packages/lean_viterbo/docbuild/.lake/build/doc/Mathlib/Topology/Algebra/Module/Multilinear/Topology.html",
     "b27eb7ca0317215a"]]],
  ["/workspaces/msc-viterbo/packages/lean_viterbo/docbuild/.lake/build/doc-data/references.json",
   "a50f2257f35adb49"],
  ["/workspaces/worktrees/shared/lean/packages/doc-gen4/.lake/build/bin/doc-gen4",
   "9e6b0df9b550ac7e"],
  ["Mathlib.Analysis.NormedSpace.Multilinear.Basic:leanArts",
   "259d8489b4024a79"]],
 "depHash": "0b4bc8af510bb988"}