{"synthetic": false,
 "schemaVersion": "2025-09-10",
 "outputs": null,
 "log":
 [{"message":
   ".> ELAN=elan ELAN_HOME=/home/vscode/.elan ELAN_TOOLCHAIN=leanprover/lean4:v4.25.0 LAKE=/home/vscode/.elan/toolchains/leanprover--lean4---v4.25.0/bin/lake LAKE_HOME=/home/vscode/.elan/toolchains/leanprover--lean4---v4.25.0 LAKE_PKG_URL_MAP={} LAKE_NO_CACHE=false LAKE_ARTIFACT_CACHE=false LAKE_CACHE_KEY= LAKE_CACHE_ARTIFACT_ENDPOINT= LAKE_CACHE_REVISION_ENDPOINT= LEAN=/home/vscode/.elan/toolchains/leanprover--lean4---v4.25.0/bin/lean LEAN_SYSROOT=/home/vscode/.elan/toolchains/leanprover--lean4---v4.25.0 LEAN_AR=/home/vscode/.elan/toolchains/leanprover--lean4---v4.25.0/bin/llvm-ar LEAN_CC= LAKE_CACHE_DIR=/home/vscode/.elan/toolchains/leanprover--lean4---v4.25.0/lake/cache LEAN_PATH=/workspaces/worktrees/shared/lean/packages/batteries/.lake/build/lib/lean:/workspaces/worktrees/shared/lean/packages/Qq/.lake/build/lib/lean:/workspaces/worktrees/shared/lean/packages/aesop/.lake/build/lib/lean:/workspaces/worktrees/shared/lean/packages/proofwidgets/.lake/build/lib/lean:/workspaces/worktrees/shared/lean/packages/importGraph/.lake/build/lib/lean:/workspaces/worktrees/shared/lean/packages/LeanSearchClient/.lake/build/lib/lean:/workspaces/worktrees/shared/lean/packages/plausible/.lake/build/lib/lean:/workspaces/worktrees/shared/lean/packages/mathlib/.lake/build/lib/lean:/workspaces/worktrees/shared/lean/packages/MD4Lean/.lake/build/lib/lean:/workspaces/worktrees/shared/lean/packages/BibtexQuery/.lake/build/lib/lean:/workspaces/worktrees/shared/lean/packages/UnicodeBasic/.lake/build/lib/lean:/workspaces/worktrees/shared/lean/packages/Cli/.lake/build/lib/lean:/workspaces/msc-viterbo/packages/lean_viterbo/.lake/build/lib/lean:/workspaces/worktrees/shared/lean/packages/doc-gen4/.lake/build/lib/lean:/workspaces/msc-viterbo/packages/lean_viterbo/docbuild/.lake/build/lib/lean:/home/vscode/.elan/toolchains/leanprover--lean4---v4.25.0/lib/lean LEAN_SRC_PATH=/workspaces/worktrees/shared/lean/packages/batteries:/workspaces/worktrees/shared/lean/packages/batteries:/workspaces/worktrees/shared/lean/packages/Qq:/workspaces/worktrees/shared/lean/packages/Qq:/workspaces/worktrees/shared/lean/packages/aesop:/workspaces/worktrees/shared/lean/packages/aesop:/workspaces/worktrees/shared/lean/packages/proofwidgets:/workspaces/worktrees/shared/lean/packages/proofwidgets:/workspaces/worktrees/shared/lean/packages/importGraph:/workspaces/worktrees/shared/lean/packages/importGraph:/workspaces/worktrees/shared/lean/packages/LeanSearchClient:/workspaces/worktrees/shared/lean/packages/LeanSearchClient:/workspaces/worktrees/shared/lean/packages/plausible:/workspaces/worktrees/shared/lean/packages/plausible:/workspaces/worktrees/shared/lean/packages/mathlib:/workspaces/worktrees/shared/lean/packages/mathlib:/workspaces/worktrees/shared/lean/packages/mathlib:/workspaces/worktrees/shared/lean/packages/mathlib:/workspaces/worktrees/shared/lean/packages/mathlib:/workspaces/worktrees/shared/lean/packages/mathlib:/workspaces/worktrees/shared/lean/packages/mathlib:/workspaces/worktrees/shared/lean/packages/MD4Lean:/workspaces/worktrees/shared/lean/packages/MD4Lean:/workspaces/worktrees/shared/lean/packages/BibtexQuery:/workspaces/worktrees/shared/lean/packages/UnicodeBasic:/workspaces/worktrees/shared/lean/packages/UnicodeBasic:/workspaces/worktrees/shared/lean/packages/Cli:/workspaces/worktrees/shared/lean/packages/Cli:/workspaces/msc-viterbo/packages/lean_viterbo:/workspaces/worktrees/shared/lean/packages/doc-gen4:/home/vscode/.elan/toolchains/leanprover--lean4---v4.25.0/src/lean/lake LEAN_GITHASH=cdd38ac5115bdeec5f609e9126cce00f51ae88b3 PATH LD_LIBRARY_PATH=/home/vscode/.elan/toolchains/leanprover--lean4---v4.25.0/lib/lean:/home/vscode/.elan/toolchains/leanprover--lean4---v4.25.0/lib:/workspaces/msc-viterbo/packages/lean_viterbo/docbuild/.lake/build/lib:/workspaces/worktrees/shared/lean/packages/doc-gen4/.lake/build/lib:/workspaces/msc-viterbo/packages/lean_viterbo/.lake/build/lib:/workspaces/worktrees/shared/lean/packages/Cli/.lake/build/lib:/workspaces/worktrees/shared/lean/packages/UnicodeBasic/.lake/build/lib:/workspaces/worktrees/shared/lean/packages/BibtexQuery/.lake/build/lib:/workspaces/worktrees/shared/lean/packages/MD4Lean/.lake/build/lib:/workspaces/worktrees/shared/lean/packages/mathlib/.lake/build/lib:/workspaces/worktrees/shared/lean/packages/plausible/.lake/build/lib:/workspaces/worktrees/shared/lean/packages/LeanSearchClient/.lake/build/lib:/workspaces/worktrees/shared/lean/packages/importGraph/.lake/build/lib:/workspaces/worktrees/shared/lean/packages/proofwidgets/.lake/build/lib:/workspaces/worktrees/shared/lean/packages/aesop/.lake/build/lib:/workspaces/worktrees/shared/lean/packages/Qq/.lake/build/lib:/workspaces/worktrees/shared/lean/packages/batteries/.lake/build/lib /workspaces/worktrees/shared/lean/packages/doc-gen4/.lake/build/bin/doc-gen4 single --build /workspaces/msc-viterbo/packages/lean_viterbo/docbuild/.lake/build Mathlib.Algebra.Group.UniqueProds.Basic https://github.com/leanprover-community/mathlib4/blob/1ccd71f89cbbd82ae7d097723ce1722ca7b01c33/Mathlib/Algebra/Group/UniqueProds/Basic.lean",
   "level": "trace"}],
 "inputs":
 [["<collection>",
   [["/workspaces/msc-viterbo/packages/lean_viterbo/docbuild/.lake/build/doc/Mathlib/Algebra/Group/Equiv/Opposite.html",
     "31b23a6432e72541"],
    ["/workspaces/msc-viterbo/packages/lean_viterbo/docbuild/.lake/build/doc/Mathlib/Algebra/Group/Finsupp.html",
     "d9c873c6b12cd009"],
    ["/workspaces/msc-viterbo/packages/lean_viterbo/docbuild/.lake/build/doc/Mathlib/Algebra/Group/Pi/Lemmas.html",
     "ecee62a32dfc4c61"],
    ["/workspaces/msc-viterbo/packages/lean_viterbo/docbuild/.lake/build/doc/Mathlib/Algebra/Group/Pointwise/Finset/Basic.html",
     "5ddbee2724237cff"],
    ["/workspaces/msc-viterbo/packages/lean_viterbo/docbuild/.lake/build/doc/Mathlib/Algebra/Group/TypeTags/Basic.html",
     "694556dd38b3636e"],
    ["/workspaces/msc-viterbo/packages/lean_viterbo/docbuild/.lake/build/doc/Mathlib/Algebra/Group/ULift.html",
     "ee940a5da7bc0018"],
    ["/workspaces/msc-viterbo/packages/lean_viterbo/docbuild/.lake/build/doc/Mathlib/Data/DFinsupp/Defs.html",
     "893f63ebc64c8fbe"]]],
  ["/workspaces/msc-viterbo/packages/lean_viterbo/docbuild/.lake/build/doc-data/references.json",
   "a50f2257f35adb49"],
  ["/workspaces/worktrees/shared/lean/packages/doc-gen4/.lake/build/bin/doc-gen4",
   "9e6b0df9b550ac7e"],
  ["Mathlib.Algebra.Group.UniqueProds.Basic:leanArts", "255332130f68e827"]],
 "depHash": "f6bccb6d79610363"}